Not searching for unused variables given on the command line.
[36m--[0m The C compiler identification is GNU 9.4.0
[36m--[0m The CXX compiler identification is GNU 9.4.0
[36m--[0m Check for working C compiler: /usr/bin/cc
[36m--[0m Check for working C compiler: /usr/bin/cc -- works
[36m--[0m Detecting C compiler ABI info
[36m--[0m Detecting C compiler ABI info - done
[36m--[0m Detecting C compile features
[36m--[0m Detecting C compile features - done
[36m--[0m Check for working CXX compiler: /usr/bin/c++
[36m--[0m Check for working CXX compiler: /usr/bin/c++ -- works
[36m--[0m Detecting CXX compiler ABI info
[36m--[0m Detecting CXX compiler ABI info - done
[36m--[0m Detecting CXX compile features
[36m--[0m Detecting CXX compile features - done
[36m--[0m Using CATKIN_DEVEL_PREFIX: /home/robocon/RC/rc3_ws/devel/.private/yolopkg
[36m--[0m Using CMAKE_PREFIX_PATH: /home/robocon/RC/rc3_ws/devel;/home/robocon/ladar/devel;/opt/ros/noetic
[36m--[0m This workspace overlays: /home/robocon/RC/rc3_ws/devel;/home/robocon/ladar/devel;/opt/ros/noetic
[36m--[0m Found PythonInterp: /usr/bin/python3 (found suitable version "3.8.10", minimum required is "3")
[36m--[0m Using PYTHON_EXECUTABLE: /usr/bin/python3
[36m--[0m Using Debian Python package layout
[36m--[0m Found PY_em: /usr/lib/python3/dist-packages/em.py
[36m--[0m Using empy: /usr/lib/python3/dist-packages/em.py
[36m--[0m Using CATKIN_ENABLE_TESTING: ON
[36m--[0m Call enable_testing()
[36m--[0m Using CATKIN_TEST_RESULTS_DIR: /home/robocon/RC/rc3_ws/build/yolopkg/test_results
[36m--[0m Forcing gtest/gmock from source, though one was otherwise available.
[36m--[0m Found gtest sources under '/usr/src/googletest': gtests will be built
[36m--[0m Found gmock sources under '/usr/src/googletest': gmock will be built
[36m--[0m Found PythonInterp: /usr/bin/python3 (found version "3.8.10")
[36m--[0m Found Threads: TRUE
[36m--[0m Using Python nosetests: /usr/bin/nosetests3
[36m--[0m catkin 0.8.12
[36m--[0m BUILD_SHARED_LIBS is on
[36m--[0m Found OpenCV: /usr/local (found version "4.9.0")
[36m--[0m Found PkgConfig: /usr/bin/pkg-config (found version "0.29.1")
[36m--[0m Checking for module 'libserial'
[36m--[0m   Found libserial, version 1.0.0
[36m--[0m Found OpenVINO v2023.3.0
[36m--[0m OpenVINO include dir:
[36m--[0m OpenVINO libraries:
[33m[1mCMake Warning[0m at /opt/ros/noetic/share/catkin/cmake/catkin_package.cmake:166 (message):
  catkin_package() DEPENDS on 'OpenVINO' but neither 'OpenVINO_INCLUDE_DIRS'
  nor 'OpenVINO_LIBRARIES' is defined.
[36mCall Stack (most recent call first):[0m
  /opt/ros/noetic/share/catkin/cmake/catkin_package.cmake:102 (_catkin_package)
  CMakeLists.txt:119 (catkin_package)


[36m--[0m Installing devel-space wrapper /home/robocon/RC/rc3_ws/src/yolopkg/scripts/realsense_publisher.py to /home/robocon/RC/rc3_ws/devel/.private/yolopkg/lib/yolopkg
[36m--[0m Configuring done
[36m--[0m Generating done
[36m--[0m Build files have been written to: /home/robocon/RC/rc3_ws/build/yolopkg
